Usuario: Florencia
Compras: 
Promoción
-Atracciones incluidas:[Aventura en Motocicleta de Criaturas Magicas de Hagrid, Harry Potter y el Viaje Prohibido, Vuelo del Hipogrifo]
-Duración: 12.0 horas
-Precio original: $152.0
-Precio con descuento: $122
Promoción
-Atracciones incluidas:[Expreso de Hogwarts: Estacion de Hogsmeade, Expreso de Hogwarts: Estacion King's Cross]
-Duración: 9.0 horas
-Precio original: $82.0
-Precio con descuento: $12
Atracción
Nombre: [Harry Potter y la Escapada de Gringotts]
-Precio: $37.00
-Duración: 6.00
Promoción
-Atracciones incluidas:[Ve a una Varita Elegir a un Mago o una Bruja en Ollivanders, Haz Hechizos Con Tu Varita Interactiva, Conoce al Conductor del Hogwarts Express, Envia una Carta a traves del Owl Post, Conoce al Chofer del Knight Bus, Cambia tu dinero Muggle en la casa de cambio de Gringotts, Echa un vistazo a Dark Magic en el Knockturn Alley, Obten tu fotografia en movimiento en Shutterbutton's]
-Duración: 37.0 horas
-Precio original: $331.0
-Precio con descuento: $118
Promoción
-Atracciones incluidas:[Coro de Ranas de Hogwarts, Reunion de Espiritus del Torneo de los Tres Magos, Celestina Warbeck y las Banshees]
-Duración: 9.0 horas
-Precio original: $105.0
-Precio con descuento: $90
Promoción
-Atracciones incluidas:[Cerveza de Mantequilla, Las Tres Escobas]
-Duración: 9.0 horas
-Precio original: $91.0
-Precio con descuento: $64
Promoción
-Atracciones incluidas:[Fuente de la Fortuna Justa, Elixir Refrescante de Eternelle, Carreta de Taxis de Londres]
-Duración: 18.0 horas
-Precio original: $63.0
-Precio con descuento: $13
Precio Final: 455.30
Tiempo Necesario: 100.00

Usuario: Victor
Compras: 
Precio Final: 0.00
Tiempo Necesario: 0.00

Usuario: Alexis
Compras: 
Precio Final: 0.00
Tiempo Necesario: 0.00

Usuario: Sebastian
Compras: 
Precio Final: 0.00
Tiempo Necesario: 0.00

Usuario: Juan Manuel
Compras: 
Atracción
Nombre: [La Cabeza de Puerco]
-Precio: $47.00
-Duración: 2.00
Atracción
Nombre: [Las Tres Escobas]
-Precio: $46.00
-Duración: 5.00
Atracción
Nombre: [El Caldero Saltarin]
-Precio: $45.00
-Duración: 8.00
Atracción
Nombre: [Cerveza de Mantequilla]
-Precio: $45.00
-Duración: 4.00
Atracción
Nombre: [Harry Potter y la Escapada de Gringotts]
-Precio: $37.00
-Duración: 6.00
Atracción
Nombre: [Aventura en Motocicleta de Criaturas Magicas de Hagrid]
-Precio: $35.00
-Duración: 5.00
Atracción
Nombre: [Conoce al Chofer del Knight Bus]
-Precio: $34.00
-Duración: 1.00
Atracción
Nombre: [Vuelo del Hipogrifo]
-Precio: $32.00
-Duración: 3.00
Atracción
Nombre: [Haz Hechizos Con Tu Varita Interactiva]
-Precio: $30.00
-Duración: 6.00
Atracción
Nombre: [Elixir Refrescante de Eternelle]
-Precio: $25.00
-Duración: 9.00
Atracción
Nombre: [Ve a una Varita Elegir a un Mago o una Bruja en Ollivanders]
-Precio: $22.00
-Duración: 8.00
Atracción
Nombre: [Fuente de la Fortuna Justa]
-Precio: $20.00
-Duración: 7.00
Atracción
Nombre: [Carreta de Taxis de Londres]
-Precio: $18.00
-Duración: 2.00
Atracción
Nombre: [Expreso de Hogwarts: Estacion de Hogsmeade]
-Precio: $14.00
-Duración: 5.00
Atracción
Nombre: [Conoce al Conductor del Hogwarts Express]
-Precio: $12.00
-Duración: 7.00
Atracción
Nombre: [El Caldero Chorreante]
-Precio: $8.00
-Duración: 6.00
Precio Final: 470.00
Tiempo Necesario: 84.00

Usuario: Isaias
Compras: 
Promoción
-Atracciones incluidas:[Cerveza de Mantequilla, Las Tres Escobas]
-Duración: 9.0 horas
-Precio original: $91.0
-Precio con descuento: $64
Atracción
Nombre: [Heladeria de Florean Fortescue]
-Precio: $88.00
-Duración: 4.00
Atracción
Nombre: [La Cabeza de Puerco]
-Precio: $47.00
-Duración: 2.00
Atracción
Nombre: [El Caldero Saltarin]
-Precio: $45.00
-Duración: 8.00
Atracción
Nombre: [Elixir Refrescante de Eternelle]
-Precio: $25.00
-Duración: 9.00
Atracción
Nombre: [Fuente de la Fortuna Justa]
-Precio: $20.00
-Duración: 7.00
Atracción
Nombre: [El Caldero Chorreante]
-Precio: $8.00
-Duración: 6.00
Promoción
-Atracciones incluidas:[Aventura en Motocicleta de Criaturas Magicas de Hagrid, Harry Potter y el Viaje Prohibido, Vuelo del Hipogrifo]
-Duración: 12.0 horas
-Precio original: $152.0
-Precio con descuento: $122
Promoción
-Atracciones incluidas:[Ve a una Varita Elegir a un Mago o una Bruja en Ollivanders]
-Duración: 8.0 horas
-Precio original: $22.0
-Precio con descuento: $19
Atracción
Nombre: [Cambia tu dinero Muggle en la casa de cambio de Gringotts]
-Precio: $92.00
-Duración: 1.00
Atracción
Nombre: [Echa un vistazo a Dark Magic en el Knockturn Alley]
-Precio: $77.00
-Duración: 2.00
Atracción
Nombre: [Reunion de Espiritus del Torneo de los Tres Magos]
-Precio: $40.00
-Duración: 6.00
Atracción
Nombre: [Harry Potter y la Escapada de Gringotts]
-Precio: $37.00
-Duración: 6.00
Atracción
Nombre: [Conoce al Chofer del Knight Bus]
-Precio: $34.00
-Duración: 1.00
Atracción
Nombre: [Los Cuentos de Beedle el Bardo]
-Precio: $20.00
-Duración: 4.00
Atracción
Nombre: [Celestina Warbeck y las Banshees]
-Precio: $15.00
-Duración: 2.00
Atracción
Nombre: [Conoce al Conductor del Hogwarts Express]
-Precio: $12.00
-Duración: 7.00
Precio Final: 764.00
Tiempo Necesario: 94.00

